<?xml version="1.0" encoding="UTF-8" ?>
<testsuite tests="12" failures="11" name="TestSuite" time="0.191" errors="0" skipped="0">
  <properties>
    <property name="java.runtime.name" value="OpenJDK Runtime Environment"/>
    <property name="sun.boot.library.path" value="/usr/lib/jvm/java-8-openjdk-amd64/jre/lib/amd64"/>
    <property name="java.vm.version" value="25.131-b11"/>
    <property name="java.vm.vendor" value="Oracle Corporation"/>
    <property name="maven.multiModuleProjectDirectory" value="/home/qainfotech/Downloads/assignment-resource-io-master"/>
    <property name="java.vendor.url" value="http://java.oracle.com/"/>
    <property name="path.separator" value=":"/>
    <property name="guice.disable.misplaced.annotation.check" value="true"/>
    <property name="java.vm.name" value="OpenJDK 64-Bit Server VM"/>
    <property name="file.encoding.pkg" value="sun.io"/>
    <property name="user.country" value="IN"/>
    <property name="sun.java.launcher" value="SUN_STANDARD"/>
    <property name="sun.os.patch.level" value="unknown"/>
    <property name="java.vm.specification.name" value="Java Virtual Machine Specification"/>
    <property name="user.dir" value="/home/qainfotech/Downloads/assignment-resource-io-master"/>
    <property name="java.runtime.version" value="1.8.0_131-8u131-b11-0ubuntu1.16.04.2-b11"/>
    <property name="java.awt.graphicsenv" value="sun.awt.X11GraphicsEnvironment"/>
    <property name="java.endorsed.dirs" value="/usr/lib/jvm/java-8-openjdk-amd64/jre/lib/endorsed"/>
    <property name="os.arch" value="amd64"/>
    <property name="java.io.tmpdir" value="/tmp"/>
    <property name="line.separator" value="
"/>
    <property name="java.vm.specification.vendor" value="Oracle Corporation"/>
    <property name="os.name" value="Linux"/>
    <property name="classworlds.conf" value="/home/qainfotech/workspace2/.metadata/.plugins/org.eclipse.m2e.launching/launches/m2conf6343598864636531770.tmp"/>
    <property name="sun.jnu.encoding" value="UTF-8"/>
    <property name="java.library.path" value="/usr/java/packages/lib/amd64:/usr/lib/x86_64-linux-gnu/jni:/lib/x86_64-linux-gnu:/usr/lib/x86_64-linux-gnu:/usr/lib/jni:/lib:/usr/lib"/>
    <property name="java.specification.name" value="Java Platform API Specification"/>
    <property name="java.class.version" value="52.0"/>
    <property name="sun.management.compiler" value="HotSpot 64-Bit Tiered Compilers"/>
    <property name="os.version" value="4.4.0-79-generic"/>
    <property name="user.home" value="/home/qainfotech"/>
    <property name="user.timezone" value="Asia/Kolkata"/>
    <property name="java.awt.printerjob" value="sun.print.PSPrinterJob"/>
    <property name="file.encoding" value="UTF-8"/>
    <property name="java.specification.version" value="1.8"/>
    <property name="user.name" value="qainfotech"/>
    <property name="java.class.path" value="/home/qainfotech/eclipse/java-neon/eclipse/../../../.p2/pool/plugins/org.eclipse.m2e.maven.runtime_1.7.0.20160603-1931/jars/plexus-classworlds-2.5.2.jar"/>
    <property name="java.vm.specification.version" value="1.8"/>
    <property name="sun.arch.data.model" value="64"/>
    <property name="java.home" value="/usr/lib/jvm/java-8-openjdk-amd64/jre"/>
    <property name="sun.java.command" value="org.codehaus.plexus.classworlds.launcher.Launcher -B test"/>
    <property name="java.specification.vendor" value="Oracle Corporation"/>
    <property name="user.language" value="en"/>
    <property name="awt.toolkit" value="sun.awt.X11.XToolkit"/>
    <property name="java.vm.info" value="mixed mode"/>
    <property name="java.version" value="1.8.0_131"/>
    <property name="java.ext.dirs" value="/usr/lib/jvm/java-8-openjdk-amd64/jre/lib/ext:/usr/java/packages/lib/ext"/>
    <property name="securerandom.source" value="file:/dev/./urandom"/>
    <property name="sun.boot.class.path" value="/usr/lib/jvm/java-8-openjdk-amd64/jre/lib/resources.jar:/usr/lib/jvm/java-8-openjdk-amd64/jre/lib/rt.jar:/usr/lib/jvm/java-8-openjdk-amd64/jre/lib/sunrsasign.jar:/usr/lib/jvm/java-8-openjdk-amd64/jre/lib/jsse.jar:/usr/lib/jvm/java-8-openjdk-amd64/jre/lib/jce.jar:/usr/lib/jvm/java-8-openjdk-amd64/jre/lib/charsets.jar:/usr/lib/jvm/java-8-openjdk-amd64/jre/lib/jfr.jar:/usr/lib/jvm/java-8-openjdk-amd64/jre/classes"/>
    <property name="java.vendor" value="Oracle Corporation"/>
    <property name="maven.home" value="/home/qainfotech/Downloads/assignment-resource-io-master/EMBEDDED"/>
    <property name="file.separator" value="/"/>
    <property name="java.vendor.url.bug" value="http://bugreport.sun.com/bugreport/"/>
    <property name="sun.cpu.endian" value="little"/>
    <property name="sun.io.unicode.encoding" value="UnicodeLittle"/>
    <property name="sun.desktop" value="gnome"/>
    <property name="sun.cpu.isalist" value=""/>
  </properties>
  <testcase classname="com.qainfotech.tap.training.resourceio.PropertiesOptionsIOTest" name="addOptionShouldMethodShouldAppendPropertiesFileWithNewProperty" time="0.015">
    <failure message="Not implemented." type="java.lang.UnsupportedOperationException">java.lang.UnsupportedOperationException: Not implemented.
	at com.qainfotech.tap.training.resourceio.PropertiesOptionsIO.addOption(PropertiesOptionsIO.java:86)
	at com.qainfotech.tap.training.resourceio.PropertiesOptionsIOTest.addOptionShouldMethodShouldAppendPropertiesFileWithNewProperty(PropertiesOptionsIOTest.java:37)
</failure>
    <system-out>Configuring TestNG with: org.apache.maven.surefire.testng.conf.TestNG652Configurator@7e774085
Success...
</system-out>
  </testcase>
  <testcase classname="com.qainfotech.tap.training.resourceio.PropertiesOptionsIOTest" name="getOptionValueMethodShouldReturnOptionValuesFromPropertiesFile" time="0.094"/>
  <testcase classname="com.qainfotech.tap.training.resourceio.TeamsJsonReaderTest" name="Team_getActiveMembers_should_return_a_list_of_team_members_that_are_active" time="0.009">
    <failure type="java.lang.NullPointerException">java.lang.NullPointerException
	at com.qainfotech.tap.training.resourceio.TeamsJsonReaderTest.Team_getActiveMembers_should_return_a_list_of_team_members_that_are_active(TeamsJsonReaderTest.java:110)
</failure>
  </testcase>
  <testcase classname="com.qainfotech.tap.training.resourceio.TeamsJsonReaderTest" name="Team_getInactiveMembers_should_return_a_list_of_individual_team_members_that_are_inactive" time="0.004">
    <failure type="java.lang.NullPointerException">java.lang.NullPointerException
	at com.qainfotech.tap.training.resourceio.TeamsJsonReaderTest.Team_getInactiveMembers_should_return_a_list_of_individual_team_members_that_are_inactive(TeamsJsonReaderTest.java:118)
</failure>
  </testcase>
  <testcase classname="com.qainfotech.tap.training.resourceio.TeamsJsonReaderTest" name="getIndividualById_should_return_Individual_object_matching_id" time="0.001">
    <failure type="java.lang.NullPointerException">java.lang.NullPointerException
	at com.qainfotech.tap.training.resourceio.TeamsJsonReader.getIndividualById(TeamsJsonReader.java:231)
	at com.qainfotech.tap.training.resourceio.TeamsJsonReaderTest.getIndividualById_should_return_Individual_object_matching_id(TeamsJsonReaderTest.java:63)
</failure>
  </testcase>
  <testcase classname="com.qainfotech.tap.training.resourceio.TeamsJsonReaderTest" name="getIndividualById_should_throw_ObjectNotFoundException_for_incorrect_id" time="0.001">
    <failure type="java.lang.NullPointerException">java.lang.NullPointerException
	at com.qainfotech.tap.training.resourceio.TeamsJsonReader.getIndividualById(TeamsJsonReader.java:231)
	at com.qainfotech.tap.training.resourceio.TeamsJsonReaderTest.getIndividualById_should_throw_ObjectNotFoundException_for_incorrect_id(TeamsJsonReaderTest.java:71)
</failure>
  </testcase>
  <testcase classname="com.qainfotech.tap.training.resourceio.TeamsJsonReaderTest" name="getIndividualByName_should_return_Individual_object_matching_name" time="0.001">
    <failure type="java.lang.NullPointerException">java.lang.NullPointerException
	at com.qainfotech.tap.training.resourceio.TeamsJsonReader.getIndividualByName(TeamsJsonReader.java:253)
	at com.qainfotech.tap.training.resourceio.TeamsJsonReaderTest.getIndividualByName_should_return_Individual_object_matching_name(TeamsJsonReaderTest.java:79)
</failure>
  </testcase>
  <testcase classname="com.qainfotech.tap.training.resourceio.TeamsJsonReaderTest" name="getIndividualByName_should_throw_ObjectNotFoundException_for_incorrect_name" time="0.002">
    <failure type="java.lang.NullPointerException">java.lang.NullPointerException
	at com.qainfotech.tap.training.resourceio.TeamsJsonReader.getIndividualByName(TeamsJsonReader.java:253)
	at com.qainfotech.tap.training.resourceio.TeamsJsonReaderTest.getIndividualByName_should_throw_ObjectNotFoundException_for_incorrect_name(TeamsJsonReaderTest.java:87)
</failure>
  </testcase>
  <testcase classname="com.qainfotech.tap.training.resourceio.TeamsJsonReaderTest" name="getListOfActiveIndividuals_ahould_return_array_list_of_only_active_individual_objects" time="0.049">
    <failure message="expected:&lt;[4]&gt; but was:&lt;[0]&gt;" type="org.junit.ComparisonFailure">org.junit.ComparisonFailure: expected:&lt;[4]&gt; but was:&lt;[0]&gt;
	at sun.reflect.NativeConstructorAccessorImpl.newInstance0(Native Method)
	at sun.reflect.NativeConstructorAccessorImpl.newInstance(NativeConstructorAccessorImpl.java:62)
	at sun.reflect.DelegatingConstructorAccessorImpl.newInstance(DelegatingConstructorAccessorImpl.java:45)
	at com.qainfotech.tap.training.resourceio.TeamsJsonReaderTest.getListOfActiveIndividuals_ahould_return_array_list_of_only_active_individual_objects(TeamsJsonReaderTest.java:43)
</failure>
  </testcase>
  <testcase classname="com.qainfotech.tap.training.resourceio.TeamsJsonReaderTest" name="getListOfInactiveIndividuals_should_return_array_list_of_only_inactive_individual_objects" time="0.008">
    <failure type="java.lang.NullPointerException">java.lang.NullPointerException
	at com.qainfotech.tap.training.resourceio.TeamsJsonReader.getListOfInactiveIndividuals(TeamsJsonReader.java:304)
	at com.qainfotech.tap.training.resourceio.TeamsJsonReaderTest.getListOfInactiveIndividuals_should_return_array_list_of_only_inactive_individual_objects(TeamsJsonReaderTest.java:52)
</failure>
  </testcase>
  <testcase classname="com.qainfotech.tap.training.resourceio.TeamsJsonReaderTest" name="getListOfIndividuals_should_return_array_list_of_all_individual_objects" time="0.003">
    <failure type="java.lang.NullPointerException">java.lang.NullPointerException
	at com.qainfotech.tap.training.resourceio.TeamsJsonReader.getListOfIndividuals(TeamsJsonReader.java:209)
	at com.qainfotech.tap.training.resourceio.TeamsJsonReaderTest.getListOfIndividuals_should_return_array_list_of_all_individual_objects(TeamsJsonReaderTest.java:29)
</failure>
    <system-out>John Doe
true
1201
</system-out>
  </testcase>
  <testcase classname="com.qainfotech.tap.training.resourceio.TeamsJsonReaderTest" name="getListOfTeams_should_return_a_list_if_Team_object_from_db_json" time="0.004">
    <failure message="expected:&lt;[2]&gt; but was:&lt;[0]&gt;" type="org.junit.ComparisonFailure">org.junit.ComparisonFailure: expected:&lt;[2]&gt; but was:&lt;[0]&gt;
	at sun.reflect.NativeConstructorAccessorImpl.newInstance0(Native Method)
	at sun.reflect.NativeConstructorAccessorImpl.newInstance(NativeConstructorAccessorImpl.java:62)
	at sun.reflect.DelegatingConstructorAccessorImpl.newInstance(DelegatingConstructorAccessorImpl.java:45)
	at com.qainfotech.tap.training.resourceio.TeamsJsonReaderTest.getListOfTeams_should_return_a_list_if_Team_object_from_db_json(TeamsJsonReaderTest.java:93)
</failure>
  </testcase>
</testsuite>